2019-10-05 05:35:21.404 [INFO] SoapClient - Starting application
2019-10-05 05:35:21.408 [ERROR] SoapClient - No filepath as a command-line argument
2019-10-05 05:35:21.410 [INFO] SoapClient - Closing application
2019-10-05 05:35:38.667 [INFO] SoapClient - Starting application
2019-10-05 05:35:38.683 [INFO] SoapClient - Processing image
2019-10-05 05:35:39.023 [INFO] SoapClient - Converting to PNG
2019-10-05 05:35:39.300 [INFO] SoapClient - Converted successfully
2019-10-05 05:35:39.902 [INFO] SoapClient - Creating SOAP connection to {http://wsserver/}SoapService
2019-10-05 05:35:40.498 [INFO] SoapClient - Sending image
2019-10-05 05:35:40.671 [INFO] SoapClient - Closing application
2019-10-05 05:41:59.720 [INFO] SoapClient - Starting application
2019-10-05 05:41:59.723 [ERROR] SoapClient - No filepath as a command-line argument
2019-10-05 05:41:59.725 [INFO] SoapClient - Closing application
2019-10-05 05:42:12.884 [INFO] SoapClient - Starting application
2019-10-05 05:42:12.892 [INFO] SoapClient - Processing image
2019-10-05 05:42:13.335 [INFO] SoapClient - Converting to PNG
2019-10-05 05:42:13.625 [INFO] SoapClient - Converted successfully
2019-10-05 05:42:14.228 [INFO] SoapClient - Creating SOAP connection to {http://wsserver/}SoapService
2019-10-05 05:42:14.786 [INFO] SoapClient - Sending image
2019-10-05 05:43:46.482 [INFO] SoapClient - Starting application
2019-10-05 05:43:46.486 [ERROR] SoapClient - No filepath as a command-line argument
2019-10-05 05:43:46.486 [INFO] SoapClient - Closing application
2019-10-05 05:43:58.304 [INFO] SoapClient - Starting application
2019-10-05 05:43:58.316 [INFO] SoapClient - Processing image
2019-10-05 05:43:58.693 [INFO] SoapClient - Converting to PNG
2019-10-05 05:43:58.973 [INFO] SoapClient - Converted successfully
2019-10-05 05:43:59.629 [INFO] SoapClient - Creating SOAP connection to {http://wsserver/}SoapService
2019-10-05 05:44:00.335 [INFO] SoapClient - Sending image
2019-10-05 05:44:00.521 [INFO] SoapClient - Image sended
2019-10-05 05:44:00.528 [INFO] SoapClient - Closing application
2019-10-05 05:45:32.435 [INFO] SoapClient - Starting application
2019-10-05 05:45:32.445 [INFO] SoapClient - Processing image
2019-10-05 05:45:32.817 [INFO] SoapClient - Converting to PNG
2019-10-05 05:45:33.104 [INFO] SoapClient - Converted successfully
2019-10-05 05:45:33.791 [INFO] SoapClient - Creating SOAP connection to {http://wsserver/}SoapService
2019-10-05 05:45:34.511 [INFO] SoapClient - Sending image
2019-10-05 05:45:34.696 [INFO] SoapClient - Image sended
2019-10-05 05:45:34.703 [INFO] SoapClient - Closing application
2019-10-05 05:52:24.209 [INFO] SoapClient - Starting application
2019-10-05 05:52:24.220 [INFO] SoapClient - Processing image
2019-10-05 05:52:24.624 [INFO] SoapClient - Converting to PNG
2019-10-05 05:52:24.917 [INFO] SoapClient - Converted successfully
2019-10-05 05:52:25.565 [INFO] SoapClient - Creating SOAP connection to {http://wsserver/}SoapService
2019-10-05 05:52:26.241 [INFO] SoapClient - Sending image
2019-10-05 05:55:28.232 [INFO] SoapClient - Starting application
2019-10-05 05:55:28.234 [ERROR] SoapClient - No filepath as a command-line argument
2019-10-05 05:55:28.235 [INFO] SoapClient - Closing application
2019-10-05 05:55:40.732 [INFO] SoapClient - Starting application
2019-10-05 05:55:40.751 [INFO] SoapClient - Processing image
2019-10-05 05:55:41.093 [INFO] SoapClient - Converting to PNG
2019-10-05 05:55:41.361 [INFO] SoapClient - Converted successfully
2019-10-05 05:55:41.888 [INFO] SoapClient - Creating SOAP connection to {http://wsserver/}SoapService
2019-10-05 05:55:42.442 [INFO] SoapClient - Sending image
2019-10-05 05:55:42.608 [INFO] SoapClient - Image sended
2019-10-05 05:55:42.609 [INFO] SoapClient - Closing application
